<?xml version="1.0" encoding="UTF-8"?>
<!-- Generated by org.testng.reporters.JUnitXMLReporter -->
<testsuite hostname="DESKTOP-OIDNA9F" ignored="0" name="workshop" tests="1" failures="1" timestamp="2021-01-03T20:02:16 IST" time="0.039" errors="0">
  <testcase name="seacrhworkshop" time="0.012" classname="com.WSM.workshops.TC2_CreateWorkshop">
    <failure type="java.lang.NullPointerException">
      <![CDATA[java.lang.NullPointerException
at com.WSM.pageHelpers.CreateWorkshopHelper.seacrhwithWorkshopID(CreateWorkshopHelper.java:17)
at com.WSM.workshops.TC2_CreateWorkshop.seacrhworkshop(TC2_CreateWorkshop.java:11)
at java.util.ArrayList.forEach(Unknown Source)
... Removed 27 stack frames]]>
    </failure>
  </testcase> <!-- seacrhworkshop -->
</testsuite> <!-- workshop -->
